<?xml version="1.0" encoding="UTF-8"?>
<!-- Generated by org.testng.reporters.JUnitReportReporter -->
<testsuite skipped="0" hostname="DESKTOP-OFC8VFN" name="com.qa.flipkart.tests_smoke.GroceryPageTest" tests="1" failures="0" timestamp="15 May 2020 08:54:27 GMT" time="11.151" errors="0">
  <testcase name="verifyGroceryPageTitle" time="11.151" classname="com.qa.flipkart.tests_smoke.GroceryPageTest"/>
</testsuite> <!-- com.qa.flipkart.tests_smoke.GroceryPageTest -->
