<?xml version="1.0" encoding="UTF-8"?>
<!-- Generated by org.testng.reporters.JUnitReportReporter -->
<testsuite skipped="3" hostname="DESKTOP-OFC8VFN" name="com.qa.flipkart.tests_smoke.HomePageTest" tests="9" failures="0" timestamp="15 May 2020 08:54:27 GMT" time="126.902" errors="0">
  <testcase name="getMenuBarList" time="14.241" classname="com.qa.flipkart.tests_smoke.HomePageTest"/>
  <testcase name="doLogout" time="17.316" classname="com.qa.flipkart.tests_smoke.HomePageTest"/>
  <testcase name="getMenuBarList" time="14.643" classname="com.qa.flipkart.tests_smoke.HomePageTest">
    <skipped/>
  </testcase> <!-- getMenuBarList -->
  <testcase name="verifyHomePageTitle" time="11.555" classname="com.qa.flipkart.tests_smoke.HomePageTest"/>
  <testcase name="verifySubMenuBarListTest" time="14.740" classname="com.qa.flipkart.tests_smoke.HomePageTest">
    <skipped/>
  </testcase> <!-- verifySubMenuBarListTest -->
  <testcase name="verifySubMenuBarListTest" time="14.721" classname="com.qa.flipkart.tests_smoke.HomePageTest">
    <skipped/>
  </testcase> <!-- verifySubMenuBarListTest -->
  <testcase name="verifyAppUrl" time="10.692" classname="com.qa.flipkart.tests_smoke.HomePageTest"/>
  <testcase name="verifySubMenuBarListTest" time="14.301" classname="com.qa.flipkart.tests_smoke.HomePageTest"/>
  <testcase name="clickOnSearchBar" time="14.693" classname="com.qa.flipkart.tests_smoke.HomePageTest"/>
</testsuite> <!-- com.qa.flipkart.tests_smoke.HomePageTest -->
