<?xml version="1.0" encoding="UTF-8"?>
<!-- Generated by org.testng.reporters.JUnitReportReporter -->
<testsuite skipped="2" hostname="DESKTOP-OFC8VFN" name="com.qa.flipkart.tests.OffersPageTest" tests="3" failures="0" timestamp="17 Apr 2020 15:02:11 GMT" time="39.279" errors="0">
  <testcase name="verifyOffersPageTitle" time="12.588" classname="com.qa.flipkart.tests.OffersPageTest">
    <skipped/>
  </testcase> <!-- verifyOffersPageTitle -->
  <testcase name="verifyOffersPageTitle" time="14.798" classname="com.qa.flipkart.tests.OffersPageTest"/>
  <testcase name="verifyOffersPageTitle" time="11.893" classname="com.qa.flipkart.tests.OffersPageTest">
    <skipped/>
  </testcase> <!-- verifyOffersPageTitle -->
</testsuite> <!-- com.qa.flipkart.tests.OffersPageTest -->
