<?xml version="1.0" encoding="UTF-8"?>
<!-- Generated by org.testng.reporters.JUnitReportReporter -->
<testsuite skipped="0" hostname="DESKTOP-OFC8VFN" name="com.qa.flipkart.tests_smoke.GroceryPageTest" tests="1" failures="0" timestamp="15 May 2020 01:31:07 GMT" time="8.847" errors="0">
  <testcase name="verifyGroceryPageTitle" time="8.847" classname="com.qa.flipkart.tests_smoke.GroceryPageTest"/>
</testsuite> <!-- com.qa.flipkart.tests_smoke.GroceryPageTest -->
