<?xml version="1.0" encoding="UTF-8"?>
<!-- Generated by org.testng.reporters.JUnitReportReporter -->
<testsuite skipped="0" hostname="DESKTOP-OFC8VFN" name="com.qa.flipkart.tests_regression.LoginPageTest" tests="7" failures="0" timestamp="15 May 2020 08:56:44 GMT" time="88.221" errors="0">
  <testcase name="loginForgotPassResendOTPTest" time="11.877" classname="com.qa.flipkart.tests_regression.LoginPageTest"/>
  <testcase name="loginValidTest" time="11.905" classname="com.qa.flipkart.tests_regression.LoginPageTest"/>
  <testcase name="LoginValidUsernameBlankPassTest" time="12.362" classname="com.qa.flipkart.tests_regression.LoginPageTest"/>
  <testcase name="loginInValidUsernameTest" time="12.073" classname="com.qa.flipkart.tests_regression.LoginPageTest"/>
  <testcase name="loginValidUsernameAndInvalidPassTest" time="12.348" classname="com.qa.flipkart.tests_regression.LoginPageTest"/>
  <testcase name="loginInValidPassTest" time="15.106" classname="com.qa.flipkart.tests_regression.LoginPageTest"/>
  <testcase name="loginForgotPassChangeEmailTest" time="12.550" classname="com.qa.flipkart.tests_regression.LoginPageTest"/>
</testsuite> <!-- com.qa.flipkart.tests_regression.LoginPageTest -->
