<?xml version="1.0" encoding="UTF-8"?>
<!-- Generated by org.testng.reporters.JUnitReportReporter -->
<testsuite skipped="0" hostname="DESKTOP-OFC8VFN" name="com.qa.flipkart.tests_smoke.GroceryPageTest" tests="1" failures="0" timestamp="24 Apr 2020 11:30:30 GMT" time="19.353" errors="0">
  <testcase name="verifyTitle" time="19.353" classname="com.qa.flipkart.tests_smoke.GroceryPageTest"/>
</testsuite> <!-- com.qa.flipkart.tests_smoke.GroceryPageTest -->
