<?xml version="1.0" encoding="UTF-8"?>
<!-- Generated by org.testng.reporters.JUnitReportReporter -->
<testsuite skipped="0" hostname="DESKTOP-OFC8VFN" name="com.qa.flipkart.tests_regression.LoginPageTest" tests="7" failures="0" timestamp="15 May 2020 01:46:34 GMT" time="85.148" errors="0">
  <testcase name="LoginValidUsernameBlankPassTest" time="13.228" classname="com.qa.flipkart.tests_regression.LoginPageTest"/>
  <testcase name="loginInValidUsernameTest" time="10.430" classname="com.qa.flipkart.tests_regression.LoginPageTest"/>
  <testcase name="loginForgotPassResendOTPTest" time="10.919" classname="com.qa.flipkart.tests_regression.LoginPageTest"/>
  <testcase name="loginValidTest" time="15.917" classname="com.qa.flipkart.tests_regression.LoginPageTest"/>
  <testcase name="loginInValidPassTest" time="11.000" classname="com.qa.flipkart.tests_regression.LoginPageTest"/>
  <testcase name="loginValidUsernameAndInvalidPassTest" time="11.526" classname="com.qa.flipkart.tests_regression.LoginPageTest"/>
  <testcase name="loginForgotPassChangeEmailTest" time="12.128" classname="com.qa.flipkart.tests_regression.LoginPageTest"/>
</testsuite> <!-- com.qa.flipkart.tests_regression.LoginPageTest -->
