<?xml version="1.0" encoding="UTF-8"?>
<!-- Generated by org.testng.reporters.JUnitReportReporter -->
<testsuite skipped="2" hostname="DESKTOP-OFC8VFN" name="com.qa.flipkart.tests.OffersPageTest" tests="3" failures="0" timestamp="19 Apr 2020 07:48:47 GMT" time="44.262" errors="0">
  <testcase name="verifyOffersPageTitle" time="15.418" classname="com.qa.flipkart.tests.OffersPageTest">
    <skipped/>
  </testcase> <!-- verifyOffersPageTitle -->
  <testcase name="verifyOffersPageTitle" time="18.320" classname="com.qa.flipkart.tests.OffersPageTest">
    <skipped/>
  </testcase> <!-- verifyOffersPageTitle -->
  <testcase name="verifyOffersPageTitle" time="10.524" classname="com.qa.flipkart.tests.OffersPageTest"/>
</testsuite> <!-- com.qa.flipkart.tests.OffersPageTest -->
