<?xml version="1.0" encoding="UTF-8"?>
<!-- Generated by org.testng.reporters.JUnitReportReporter -->
<testsuite skipped="2" hostname="DESKTOP-OFC8VFN" name="com.qa.flipkart.tests.HomePageTest" tests="8" failures="0" timestamp="20 Apr 2020 06:48:55 GMT" time="105.827" errors="0">
  <testcase name="doLogout" time="14.450" classname="com.qa.flipkart.tests.HomePageTest"/>
  <testcase name="verifySubMenuBarListTest" time="19.728" classname="com.qa.flipkart.tests.HomePageTest"/>
  <testcase name="getMenuBarList" time="12.155" classname="com.qa.flipkart.tests.HomePageTest"/>
  <testcase name="verifyAppUrl" time="10.253" classname="com.qa.flipkart.tests.HomePageTest"/>
  <testcase name="clickOnSearchBar" time="12.600" classname="com.qa.flipkart.tests.HomePageTest">
    <skipped/>
  </testcase> <!-- clickOnSearchBar -->
  <testcase name="verifyHomePageTitle" time="8.631" classname="com.qa.flipkart.tests.HomePageTest"/>
  <testcase name="clickOnSearchBar" time="13.338" classname="com.qa.flipkart.tests.HomePageTest"/>
  <testcase name="clickOnSearchBar" time="14.672" classname="com.qa.flipkart.tests.HomePageTest">
    <skipped/>
  </testcase> <!-- clickOnSearchBar -->
</testsuite> <!-- com.qa.flipkart.tests.HomePageTest -->
