<?xml version="1.0" encoding="UTF-8"?>
<!-- Generated by org.testng.reporters.JUnitReportReporter -->
<testsuite skipped="0" hostname="DESKTOP-OFC8VFN" name="com.qa.flipkart.tests.MyProfilePageTest" tests="1" failures="0" timestamp="17 Apr 2020 14:42:42 GMT" time="16.531" errors="0">
  <testcase name="verifyMyProfilePageTitleTest" time="16.531" classname="com.qa.flipkart.tests.MyProfilePageTest"/>
</testsuite> <!-- com.qa.flipkart.tests.MyProfilePageTest -->
