<?xml version="1.0" encoding="UTF-8"?>
<!-- Generated by org.testng.reporters.JUnitReportReporter -->
<testsuite skipped="1" hostname="DESKTOP-OFC8VFN" name="com.qa.flipkart.tests_smoke.OffersPageTest" tests="2" failures="0" timestamp="15 May 2020 08:54:27 GMT" time="32.431" errors="0">
  <testcase name="verifyOffersPageTitle" time="14.628" classname="com.qa.flipkart.tests_smoke.OffersPageTest">
    <skipped/>
  </testcase> <!-- verifyOffersPageTitle -->
  <testcase name="verifyOffersPageTitle" time="17.803" classname="com.qa.flipkart.tests_smoke.OffersPageTest"/>
</testsuite> <!-- com.qa.flipkart.tests_smoke.OffersPageTest -->
