<?xml version="1.0" encoding="UTF-8"?>
<!-- Generated by org.testng.reporters.JUnitReportReporter -->
<testsuite skipped="2" hostname="DESKTOP-OFC8VFN" name="com.qa.flipkart.tests.OffersPageTest" tests="3" failures="0" timestamp="17 Apr 2020 13:55:20 GMT" time="41.702" errors="0">
  <testcase name="verifyOffersPageTitle" time="14.900" classname="com.qa.flipkart.tests.OffersPageTest">
    <skipped/>
  </testcase> <!-- verifyOffersPageTitle -->
  <testcase name="verifyOffersPageTitle" time="12.102" classname="com.qa.flipkart.tests.OffersPageTest">
    <skipped/>
  </testcase> <!-- verifyOffersPageTitle -->
  <testcase name="verifyOffersPageTitle" time="14.700" classname="com.qa.flipkart.tests.OffersPageTest"/>
</testsuite> <!-- com.qa.flipkart.tests.OffersPageTest -->
