<?xml version="1.0" encoding="UTF-8"?>
<!-- Generated by org.testng.reporters.JUnitReportReporter -->
<testsuite skipped="7" hostname="DESKTOP-OFC8VFN" name="com.qa.flipkart.tests_smoke.HomePageTest" tests="8" failures="0" timestamp="15 May 2020 09:34:12 GMT" time="16.146" errors="1">
  <testcase name="verifyAppUrl" time="11.251" classname="com.qa.flipkart.tests_smoke.HomePageTest">
    <skipped/>
  </testcase> <!-- verifyAppUrl -->
  <testcase name="tearDownAll" time="0.000" classname="com.qa.flipkart.tests_smoke.HomePageTest">
    <error type="java.lang.NullPointerException">
      <![CDATA[java.lang.NullPointerException
at com.qa.flipkart.testbase.TestBase.quit(TestBase.java:85)
at com.qa.flipkart.testbase.TestBase.tearDownAll(TestBase.java:102)
at sun.reflect.NativeMethodAccessorImpl.invoke0(Native Method)
at sun.reflect.NativeMethodAccessorImpl.invoke(NativeMethodAccessorImpl.java:62)
at sun.reflect.DelegatingMethodAccessorImpl.invoke(DelegatingMethodAccessorImpl.java:43)
at java.lang.reflect.Method.invoke(Method.java:498)
at org.testng.internal.MethodInvocationHelper.invokeMethod(MethodInvocationHelper.java:124)
at org.testng.internal.MethodInvocationHelper.invokeMethodConsideringTimeout(MethodInvocationHelper.java:59)
at org.testng.internal.Invoker.invokeConfigurationMethod(Invoker.java:458)
at org.testng.internal.Invoker.invokeConfigurations(Invoker.java:222)
at org.testng.internal.Invoker.invokeMethod(Invoker.java:646)
at org.testng.internal.Invoker.invokeTestMethod(Invoker.java:719)
at org.testng.internal.Invoker.invokeTestMethods(Invoker.java:989)
at org.testng.internal.TestMethodWorker.invokeTestMethods(TestMethodWorker.java:125)
at org.testng.internal.TestMethodWorker.run(TestMethodWorker.java:109)
at org.testng.TestRunner.privateRun(TestRunner.java:648)
at org.testng.TestRunner.run(TestRunner.java:505)
at org.testng.SuiteRunner.runTest(SuiteRunner.java:455)
at org.testng.SuiteRunner.runSequentially(SuiteRunner.java:450)
at org.testng.SuiteRunner.privateRun(SuiteRunner.java:415)
at org.testng.SuiteRunner.run(SuiteRunner.java:364)
at org.testng.SuiteRunnerWorker.runSuite(SuiteRunnerWorker.java:52)
at org.testng.SuiteRunnerWorker.run(SuiteRunnerWorker.java:84)
at org.testng.TestNG.runSuitesSequentially(TestNG.java:1208)
at org.testng.TestNG.runSuitesLocally(TestNG.java:1137)
at org.testng.TestNG.runSuites(TestNG.java:1049)
at org.testng.TestNG.run(TestNG.java:1017)
at org.testng.remote.AbstractRemoteTestNG.run(AbstractRemoteTestNG.java:115)
at org.testng.remote.RemoteTestNG.initAndRun(RemoteTestNG.java:251)
at org.testng.remote.RemoteTestNG.main(RemoteTestNG.java:77)
]]>
    </error>
  </testcase> <!-- tearDownAll -->
  <testcase name="clickOnSearchBar" time="0.000" classname="com.qa.flipkart.tests_smoke.HomePageTest">
    <skipped/>
  </testcase> <!-- clickOnSearchBar -->
  <testcase name="clickOnSearchBar" time="4.895" classname="com.qa.flipkart.tests_smoke.HomePageTest">
    <skipped/>
  </testcase> <!-- clickOnSearchBar -->
  <testcase name="getMenuBarList" time="0.000" classname="com.qa.flipkart.tests_smoke.HomePageTest">
    <skipped/>
  </testcase> <!-- getMenuBarList -->
  <testcase name="doLogout" time="0.000" classname="com.qa.flipkart.tests_smoke.HomePageTest">
    <skipped/>
  </testcase> <!-- doLogout -->
  <testcase name="verifySubMenuBarListTest" time="0.000" classname="com.qa.flipkart.tests_smoke.HomePageTest">
    <skipped/>
  </testcase> <!-- verifySubMenuBarListTest -->
  <testcase name="verifyHomePageTitle" time="0.000" classname="com.qa.flipkart.tests_smoke.HomePageTest">
    <skipped/>
  </testcase> <!-- verifyHomePageTitle -->
</testsuite> <!-- com.qa.flipkart.tests_smoke.HomePageTest -->
