<?xml version="1.0" encoding="UTF-8"?>
<!-- Generated by org.testng.reporters.JUnitReportReporter -->
<testsuite skipped="6" hostname="DESKTOP-OFC8VFN" name="com.qa.flipkart.tests.HomePageTest" tests="14" failures="1" timestamp="16 Apr 2020 10:06:41 GMT" time="167.819" errors="0">
  <testcase name="getMenuBarList" time="18.020" classname="com.qa.flipkart.tests.HomePageTest">
    <skipped/>
  </testcase> <!-- getMenuBarList -->
  <testcase name="goToOffersPageTest" time="11.710" classname="com.qa.flipkart.tests.HomePageTest"/>
  <testcase name="goToGroceryPageTest" time="13.914" classname="com.qa.flipkart.tests.HomePageTest"/>
  <testcase name="getMenuBarList" time="13.459" classname="com.qa.flipkart.tests.HomePageTest"/>
  <testcase name="verifySubMenuBarListTest" time="15.112" classname="com.qa.flipkart.tests.HomePageTest"/>
  <testcase name="clickOnSearchBar" time="15.019" classname="com.qa.flipkart.tests.HomePageTest">
    <skipped/>
  </testcase> <!-- clickOnSearchBar -->
  <testcase name="verifyHomePageTitle" time="11.272" classname="com.qa.flipkart.tests.HomePageTest"/>
  <testcase name="doLogout" time="9.134" classname="com.qa.flipkart.tests.HomePageTest">
    <skipped/>
  </testcase> <!-- doLogout -->
  <testcase name="doLogout" time="8.637" classname="com.qa.flipkart.tests.HomePageTest">
    <failure type="java.lang.AssertionError" message="expected [true] but found [false]">
      <![CDATA[java.lang.AssertionError: expected [true] but found [false]
at org.testng.Assert.fail(Assert.java:96)
at org.testng.Assert.failNotEquals(Assert.java:776)
at org.testng.Assert.assertEqualsImpl(Assert.java:137)
at org.testng.Assert.assertEquals(Assert.java:118)
at org.testng.Assert.assertEquals(Assert.java:568)
at org.testng.Assert.assertEquals(Assert.java:578)
at com.qa.flipkart.tests.HomePageTest.doLogout(HomePageTest.java:68)
at sun.reflect.NativeMethodAccessorImpl.invoke0(Native Method)
at sun.reflect.NativeMethodAccessorImpl.invoke(NativeMethodAccessorImpl.java:62)
at sun.reflect.DelegatingMethodAccessorImpl.invoke(DelegatingMethodAccessorImpl.java:43)
at java.lang.reflect.Method.invoke(Method.java:498)
at org.testng.internal.MethodInvocationHelper.invokeMethod(MethodInvocationHelper.java:124)
at org.testng.internal.Invoker.invokeMethod(Invoker.java:583)
at org.testng.internal.Invoker.retryFailed(Invoker.java:839)
at org.testng.internal.Invoker.invokeTestMethods(Invoker.java:1010)
at org.testng.internal.TestMethodWorker.invokeTestMethods(TestMethodWorker.java:125)
at org.testng.internal.TestMethodWorker.run(TestMethodWorker.java:109)
at org.testng.TestRunner.privateRun(TestRunner.java:648)
at org.testng.TestRunner.run(TestRunner.java:505)
at org.testng.SuiteRunner.runTest(SuiteRunner.java:455)
at org.testng.SuiteRunner.runSequentially(SuiteRunner.java:450)
at org.testng.SuiteRunner.privateRun(SuiteRunner.java:415)
at org.testng.SuiteRunner.run(SuiteRunner.java:364)
at org.testng.SuiteRunnerWorker.runSuite(SuiteRunnerWorker.java:52)
at org.testng.SuiteRunnerWorker.run(SuiteRunnerWorker.java:84)
at org.testng.TestNG.runSuitesSequentially(TestNG.java:1208)
at org.testng.TestNG.runSuitesLocally(TestNG.java:1137)
at org.testng.TestNG.runSuites(TestNG.java:1049)
at org.testng.TestNG.run(TestNG.java:1017)
at org.testng.remote.AbstractRemoteTestNG.run(AbstractRemoteTestNG.java:115)
at org.testng.remote.RemoteTestNG.initAndRun(RemoteTestNG.java:251)
at org.testng.remote.RemoteTestNG.main(RemoteTestNG.java:77)
]]>
    </failure>
  </testcase> <!-- doLogout -->
  <testcase name="verifyAppUrl" time="7.244" classname="com.qa.flipkart.tests.HomePageTest"/>
  <testcase name="doLogout" time="8.702" classname="com.qa.flipkart.tests.HomePageTest">
    <skipped/>
  </testcase> <!-- doLogout -->
  <testcase name="clickOnSearchBar" time="12.626" classname="com.qa.flipkart.tests.HomePageTest">
    <skipped/>
  </testcase> <!-- clickOnSearchBar -->
  <testcase name="clickOnSearchBar" time="11.637" classname="com.qa.flipkart.tests.HomePageTest"/>
  <testcase name="doLogout" time="11.333" classname="com.qa.flipkart.tests.HomePageTest">
    <skipped/>
  </testcase> <!-- doLogout -->
</testsuite> <!-- com.qa.flipkart.tests.HomePageTest -->
