<?xml version="1.0" encoding="UTF-8"?>
<!-- Generated by org.testng.reporters.JUnitReportReporter -->
<testsuite skipped="0" hostname="DESKTOP-OFC8VFN" name="com.qa.flipkart.tests_regression.LoginPageTest" tests="1" failures="0" timestamp="23 Apr 2020 11:05:27 GMT" time="14.685" errors="0">
  <testcase name="loginValidUsernameAndInvalidPassTest" time="14.685" classname="com.qa.flipkart.tests_regression.LoginPageTest"/>
</testsuite> <!-- com.qa.flipkart.tests_regression.LoginPageTest -->
