<?xml version="1.0" encoding="UTF-8"?>
<!-- Generated by org.testng.reporters.JUnitReportReporter -->
<testsuite skipped="1" hostname="DESKTOP-OFC8VFN" name="com.qa.flipkart.tests.GroceryPageTest" tests="2" failures="0" timestamp="17 Apr 2020 13:50:25 GMT" time="28.615" errors="0">
  <testcase name="verifyTitle" time="14.305" classname="com.qa.flipkart.tests.GroceryPageTest">
    <skipped/>
  </testcase> <!-- verifyTitle -->
  <testcase name="verifyTitle" time="14.310" classname="com.qa.flipkart.tests.GroceryPageTest"/>
</testsuite> <!-- com.qa.flipkart.tests.GroceryPageTest -->
