<?xml version="1.0" encoding="UTF-8"?>
<!-- Generated by org.testng.reporters.JUnitReportReporter -->
<testsuite skipped="0" hostname="DESKTOP-OFC8VFN" name="com.qa.flipkart.tests_smoke.MyProfilePageTest" tests="7" failures="0" timestamp="24 Apr 2020 11:24:10 GMT" time="115.238" errors="0">
  <testcase name="enterLastNameTest" time="17.444" classname="com.qa.flipkart.tests_smoke.MyProfilePageTest"/>
  <testcase name="clickOnManageAddressesLinkTest" time="14.133" classname="com.qa.flipkart.tests_smoke.MyProfilePageTest"/>
  <testcase name="verifyPersonalInfoclickOnEdit" time="15.888" classname="com.qa.flipkart.tests_smoke.MyProfilePageTest"/>
  <testcase name="enterFirstNameTest" time="16.232" classname="com.qa.flipkart.tests_smoke.MyProfilePageTest"/>
  <testcase name="verifyClickOnEditEmailAddLnk" time="16.289" classname="com.qa.flipkart.tests_smoke.MyProfilePageTest"/>
  <testcase name="addAddressTest" time="19.129" classname="com.qa.flipkart.tests_smoke.MyProfilePageTest"/>
  <testcase name="verifyMyProfilePageTitleTest" time="16.123" classname="com.qa.flipkart.tests_smoke.MyProfilePageTest"/>
</testsuite> <!-- com.qa.flipkart.tests_smoke.MyProfilePageTest -->
