<?xml version="1.0" encoding="UTF-8"?>
<!-- Generated by org.testng.reporters.JUnitReportReporter -->
<testsuite skipped="0" hostname="DESKTOP-OFC8VFN" name="com.qa.flipkart.tests_smoke.OffersPageTest" tests="1" failures="0" timestamp="15 May 2020 01:31:07 GMT" time="16.006" errors="0">
  <testcase name="verifyOffersPageTitle" time="16.006" classname="com.qa.flipkart.tests_smoke.OffersPageTest"/>
</testsuite> <!-- com.qa.flipkart.tests_smoke.OffersPageTest -->
