<?xml version="1.0" encoding="UTF-8"?>
<!-- Generated by org.testng.reporters.JUnitReportReporter -->
<testsuite skipped="2" hostname="DESKTOP-OFC8VFN" name="com.qa.flipkart.tests.GroceryPageTest" tests="3" failures="0" timestamp="17 Apr 2020 15:02:11 GMT" time="38.394" errors="0">
  <testcase name="verifyTitle" time="12.441" classname="com.qa.flipkart.tests.GroceryPageTest">
    <skipped/>
  </testcase> <!-- verifyTitle -->
  <testcase name="verifyTitle" time="15.174" classname="com.qa.flipkart.tests.GroceryPageTest"/>
  <testcase name="verifyTitle" time="10.779" classname="com.qa.flipkart.tests.GroceryPageTest">
    <skipped/>
  </testcase> <!-- verifyTitle -->
</testsuite> <!-- com.qa.flipkart.tests.GroceryPageTest -->
