<?xml version="1.0" encoding="UTF-8"?>
<!-- Generated by org.testng.reporters.JUnitReportReporter -->
<testsuite skipped="0" hostname="DESKTOP-OFC8VFN" name="com.qa.flipkart.tests_smoke.HomePageTest" tests="6" failures="0" timestamp="24 Apr 2020 11:24:10 GMT" time="134.136" errors="0">
  <testcase name="getMenuBarList" time="33.348" classname="com.qa.flipkart.tests_smoke.HomePageTest"/>
  <testcase name="doLogout" time="37.977" classname="com.qa.flipkart.tests_smoke.HomePageTest"/>
  <testcase name="verifyHomePageTitle" time="9.855" classname="com.qa.flipkart.tests_smoke.HomePageTest"/>
  <testcase name="verifyAppUrl" time="14.961" classname="com.qa.flipkart.tests_smoke.HomePageTest"/>
  <testcase name="clickOnSearchBar" time="20.064" classname="com.qa.flipkart.tests_smoke.HomePageTest"/>
  <testcase name="verifySubMenuBarListTest" time="17.931" classname="com.qa.flipkart.tests_smoke.HomePageTest"/>
</testsuite> <!-- com.qa.flipkart.tests_smoke.HomePageTest -->
