<?xml version="1.0" encoding="UTF-8"?>
<!-- Generated by org.testng.reporters.JUnitReportReporter -->
<testsuite skipped="3" hostname="DESKTOP-OFC8VFN" name="com.qa.flipkart.tests.HomePageTest" tests="9" failures="0" timestamp="17 Apr 2020 15:02:11 GMT" time="200.023" errors="1">
  <testcase name="verifyHomePageTitle" time="9.717" classname="com.qa.flipkart.tests.HomePageTest"/>
  <testcase name="getMenuBarList" time="16.254" classname="com.qa.flipkart.tests.HomePageTest"/>
  <testcase name="doLogout" time="33.103" classname="com.qa.flipkart.tests.HomePageTest">
    <error type="org.openqa.selenium.json.JsonException" message="java.lang.reflect.InvocationTargetException
Build info: version: &#039;4.0.0-alpha-3&#039;, revision: &#039;8c567de6dc&#039;
System info: host: &#039;DESKTOP-OFC8VFN&#039;, ip: &#039;192.168.1.7&#039;, os.name: &#039;Windows 10&#039;, os.arch: &#039;amd64&#039;, os.version: &#039;10.0&#039;, java.version: &#039;1.8.0_201&#039;
Driver info: driver.version: EventFiringWebDriver">
      <![CDATA[org.openqa.selenium.json.JsonException: java.lang.reflect.InvocationTargetException
Build info: version: '4.0.0-alpha-3', revision: '8c567de6dc'
System info: host: 'DESKTOP-OFC8VFN', ip: '192.168.1.7', os.name: 'Windows 10', os.arch: 'amd64', os.version: '10.0', java.version: '1.8.0_201'
Driver info: driver.version: EventFiringWebDriver
at org.openqa.selenium.json.JsonOutput.convertUsingMethod(JsonOutput.java:344)
at org.openqa.selenium.json.JsonOutput.lambda$new$15(JsonOutput.java:147)
at org.openqa.selenium.json.JsonOutput.write(JsonOutput.java:275)
at org.openqa.selenium.json.JsonOutput.lambda$new$21(JsonOutput.java:162)
at java.util.stream.ForEachOps$ForEachOp$OfRef.accept(ForEachOps.java:184)
at java.util.stream.ReferencePipeline$2$1.accept(ReferencePipeline.java:175)
at java.util.Iterator.forEachRemaining(Iterator.java:116)
at java.util.Spliterators$IteratorSpliterator.forEachRemaining(Spliterators.java:1801)
at java.util.stream.AbstractPipeline.copyInto(AbstractPipeline.java:481)
at java.util.stream.AbstractPipeline.wrapAndCopyInto(AbstractPipeline.java:471)
at java.util.stream.ForEachOps$ForEachOp.evaluateSequential(ForEachOps.java:151)
at java.util.stream.ForEachOps$ForEachOp$OfRef.evaluateSequential(ForEachOps.java:174)
at java.util.stream.AbstractPipeline.evaluate(AbstractPipeline.java:234)
at java.util.stream.ReferencePipeline.forEach(ReferencePipeline.java:418)
at org.openqa.selenium.json.JsonOutput.lambda$new$22(JsonOutput.java:162)
at org.openqa.selenium.json.JsonOutput.write(JsonOutput.java:275)
at org.openqa.selenium.json.JsonOutput.lambda$new$23(JsonOutput.java:175)
at com.google.common.collect.SingletonImmutableBiMap.forEach(SingletonImmutableBiMap.java:65)
at org.openqa.selenium.json.JsonOutput.lambda$new$24(JsonOutput.java:170)
at org.openqa.selenium.json.JsonOutput.write(JsonOutput.java:275)
at org.openqa.selenium.json.JsonOutput.write(JsonOutput.java:266)
at org.openqa.selenium.json.Json.toJson(Json.java:40)
at org.openqa.selenium.remote.codec.AbstractHttpCommandCodec.encode(AbstractHttpCommandCodec.java:233)
at org.openqa.selenium.remote.codec.AbstractHttpCommandCodec.encode(AbstractHttpCommandCodec.java:122)
at org.openqa.selenium.remote.HttpCommandExecutor.execute(HttpCommandExecutor.java:155)
at org.openqa.selenium.remote.service.DriverCommandExecutor.execute(DriverCommandExecutor.java:83)
at org.openqa.selenium.remote.RemoteWebDriver.execute(RemoteWebDriver.java:576)
at org.openqa.selenium.remote.RemoteWebDriver.perform(RemoteWebDriver.java:646)
at sun.reflect.NativeMethodAccessorImpl.invoke0(Native Method)
at sun.reflect.NativeMethodAccessorImpl.invoke(NativeMethodAccessorImpl.java:62)
at sun.reflect.DelegatingMethodAccessorImpl.invoke(DelegatingMethodAccessorImpl.java:43)
at java.lang.reflect.Method.invoke(Method.java:498)
at org.openqa.selenium.support.events.EventFiringWebDriver.lambda$new$1(EventFiringWebDriver.java:106)
at com.sun.proxy.$Proxy7.perform(Unknown Source)
at org.openqa.selenium.support.events.EventFiringWebDriver.perform(EventFiringWebDriver.java:361)
at org.openqa.selenium.interactions.Actions$BuiltAction.perform(Actions.java:613)
at com.qa.flipkart.pages.HomePage.logout(HomePage.java:80)
at com.qa.flipkart.tests.HomePageTest.doLogout(HomePageTest.java:87)
at sun.reflect.NativeMethodAccessorImpl.invoke0(Native Method)
at sun.reflect.NativeMethodAccessorImpl.invoke(NativeMethodAccessorImpl.java:62)
at sun.reflect.DelegatingMethodAccessorImpl.invoke(DelegatingMethodAccessorImpl.java:43)
at java.lang.reflect.Method.invoke(Method.java:498)
at org.testng.internal.MethodInvocationHelper.invokeMethod(MethodInvocationHelper.java:124)
at org.testng.internal.Invoker.invokeMethod(Invoker.java:583)
at org.testng.internal.Invoker.retryFailed(Invoker.java:839)
at org.testng.internal.Invoker.invokeTestMethods(Invoker.java:1010)
at org.testng.internal.TestMethodWorker.invokeTestMethods(TestMethodWorker.java:125)
at org.testng.internal.TestMethodWorker.run(TestMethodWorker.java:109)
at org.testng.TestRunner.privateRun(TestRunner.java:648)
at org.testng.TestRunner.run(TestRunner.java:505)
at org.testng.SuiteRunner.runTest(SuiteRunner.java:455)
at org.testng.SuiteRunner.runSequentially(SuiteRunner.java:450)
at org.testng.SuiteRunner.privateRun(SuiteRunner.java:415)
at org.testng.SuiteRunner.run(SuiteRunner.java:364)
at org.testng.SuiteRunnerWorker.runSuite(SuiteRunnerWorker.java:52)
at org.testng.SuiteRunnerWorker.run(SuiteRunnerWorker.java:84)
at org.testng.TestNG.runSuitesSequentially(TestNG.java:1208)
at org.testng.TestNG.runSuitesLocally(TestNG.java:1137)
at org.testng.TestNG.runSuites(TestNG.java:1049)
at org.testng.TestNG.run(TestNG.java:1017)
at org.testng.remote.AbstractRemoteTestNG.run(AbstractRemoteTestNG.java:115)
at org.testng.remote.RemoteTestNG.initAndRun(RemoteTestNG.java:251)
at org.testng.remote.RemoteTestNG.main(RemoteTestNG.java:77)
Suppressed: org.openqa.selenium.json.JsonException: Attempting to close incomplete json stream
Build info: version: '4.0.0-alpha-3', revision: '8c567de6dc'
System info: host: 'DESKTOP-OFC8VFN', ip: '192.168.1.7', os.name: 'Windows 10', os.arch: 'amd64', os.version: '10.0', java.version: '1.8.0_201'
Driver info: driver.version: EventFiringWebDriver
at org.openqa.selenium.json.JsonOutput.close(JsonOutput.java:291)
at org.openqa.selenium.json.Json.toJson(Json.java:38)
... 41 more
Caused by: java.lang.reflect.InvocationTargetException
at sun.reflect.NativeMethodAccessorImpl.invoke0(Native Method)
at sun.reflect.NativeMethodAccessorImpl.invoke(NativeMethodAccessorImpl.java:62)
at sun.reflect.DelegatingMethodAccessorImpl.invoke(DelegatingMethodAccessorImpl.java:43)
at java.lang.reflect.Method.invoke(Method.java:498)
at org.openqa.selenium.json.JsonOutput.convertUsingMethod(JsonOutput.java:340)
... 62 more
Caused by: org.openqa.selenium.NoSuchElementException: no such element: Unable to locate element: {"method":"xpath","selector":"//div/ul[@class='RlwYhr undefined']/child::li/a/div[text()='Logout']"}
  (Session info: chrome=80.0.3987.163)
For documentation on this error, please visit: https://www.seleniumhq.org/exceptions/no_such_element.html
Build info: version: '4.0.0-alpha-3', revision: '8c567de6dc'
System info: host: 'DESKTOP-OFC8VFN', ip: '192.168.1.7', os.name: 'Windows 10', os.arch: 'amd64', os.version: '10.0', java.version: '1.8.0_201'
Driver info: org.openqa.selenium.chrome.ChromeDriver
Capabilities {acceptInsecureCerts: false, browserName: chrome, browserVersion: 80.0.3987.163, chrome: {chromedriverVersion: 80.0.3987.106 (f68069574609..., userDataDir: C:\Users\Mudit\AppData\Loca...}, goog:chromeOptions: {debuggerAddress: localhost:56255}, javascriptEnabled: true, networkConnectionEnabled: false, pageLoadStrategy: normal, platform: WINDOWS, platformName: WINDOWS, proxy: Proxy(), setWindowRect: true, strictFileInteractability: false, timeouts: {implicit: 0, pageLoad: 300000, script: 30000}, unhandledPromptBehavior: dismiss and notify}
Session ID: d4b1ca62f8b6e1767d96c19f5a114f5d
*** Element info: {Using=xpath, value=//div/ul[@class='RlwYhr undefined']/child::li/a/div[text()='Logout']}
at sun.reflect.NativeConstructorAccessorImpl.newInstance0(Native Method)
at sun.reflect.NativeConstructorAccessorImpl.newInstance(NativeConstructorAccessorImpl.java:62)
at sun.reflect.DelegatingConstructorAccessorImpl.newInstance(DelegatingConstructorAccessorImpl.java:45)
at java.lang.reflect.Constructor.newInstance(Constructor.java:423)
at org.openqa.selenium.remote.codec.w3c.W3CHttpResponseCodec.createException(W3CHttpResponseCodec.java:191)
at org.openqa.selenium.remote.codec.w3c.W3CHttpResponseCodec.decode(W3CHttpResponseCodec.java:125)
at org.openqa.selenium.remote.codec.w3c.W3CHttpResponseCodec.decode(W3CHttpResponseCodec.java:52)
at org.openqa.selenium.remote.HttpCommandExecutor.execute(HttpCommandExecutor.java:161)
at org.openqa.selenium.remote.service.DriverCommandExecutor.execute(DriverCommandExecutor.java:83)
at org.openqa.selenium.remote.RemoteWebDriver.execute(RemoteWebDriver.java:576)
at org.openqa.selenium.remote.RemoteWebDriver.findElement(RemoteWebDriver.java:327)
at org.openqa.selenium.remote.RemoteWebDriver.findElementByXPath(RemoteWebDriver.java:445)
at org.openqa.selenium.By$ByXPath.findElement(By.java:396)
at org.openqa.selenium.remote.RemoteWebDriver.findElement(RemoteWebDriver.java:319)
at sun.reflect.GeneratedMethodAccessor5.invoke(Unknown Source)
at sun.reflect.DelegatingMethodAccessorImpl.invoke(DelegatingMethodAccessorImpl.java:43)
at java.lang.reflect.Method.invoke(Method.java:498)
at org.openqa.selenium.support.events.EventFiringWebDriver.lambda$new$1(EventFiringWebDriver.java:106)
at com.sun.proxy.$Proxy7.findElement(Unknown Source)
at org.openqa.selenium.support.events.EventFiringWebDriver.findElement(EventFiringWebDriver.java:195)
at org.openqa.selenium.support.pagefactory.DefaultElementLocator.findElement(DefaultElementLocator.java:70)
at org.openqa.selenium.support.pagefactory.internal.LocatingElementHandler.invoke(LocatingElementHandler.java:39)
at com.sun.proxy.$Proxy8.getWrappedElement(Unknown Source)
at org.openqa.selenium.interactions.PointerInput$Origin.asArg(PointerInput.java:204)
at org.openqa.selenium.interactions.PointerInput$Move.encode(PointerInput.java:155)
at org.openqa.selenium.interactions.Sequence.encode(Sequence.java:73)
at org.openqa.selenium.interactions.Sequence.toJson(Sequence.java:82)
... 67 more
]]>
    </error>
  </testcase> <!-- doLogout -->
  <testcase name="clickOnSearchBar" time="13.219" classname="com.qa.flipkart.tests.HomePageTest"/>
  <testcase name="verifyAppUrl" time="10.239" classname="com.qa.flipkart.tests.HomePageTest"/>
  <testcase name="verifySubMenuBarListTest" time="16.855" classname="com.qa.flipkart.tests.HomePageTest"/>
  <testcase name="doLogout" time="32.913" classname="com.qa.flipkart.tests.HomePageTest">
    <skipped/>
  </testcase> <!-- doLogout -->
  <testcase name="doLogout" time="33.056" classname="com.qa.flipkart.tests.HomePageTest">
    <skipped/>
  </testcase> <!-- doLogout -->
  <testcase name="doLogout" time="34.667" classname="com.qa.flipkart.tests.HomePageTest">
    <skipped/>
  </testcase> <!-- doLogout -->
</testsuite> <!-- com.qa.flipkart.tests.HomePageTest -->
