<?xml version="1.0" encoding="UTF-8"?>
<!-- Generated by org.testng.reporters.JUnitReportReporter -->
<testsuite skipped="0" hostname="DESKTOP-OFC8VFN" name="com.qa.flipkart.tests.LoginPageTest" tests="1" failures="0" timestamp="17 Apr 2020 11:33:01 GMT" time="20.930" errors="0">
  <testcase name="login" time="20.930" classname="com.qa.flipkart.tests.LoginPageTest"/>
</testsuite> <!-- com.qa.flipkart.tests.LoginPageTest -->
