<?xml version="1.0" encoding="UTF-8"?>
<!-- Generated by org.testng.reporters.JUnitReportReporter -->
<testsuite skipped="0" hostname="DESKTOP-OFC8VFN" name="com.qa.flipkart.tests_smoke.LoginPageTest" tests="1" failures="0" timestamp="24 Apr 2020 11:24:10 GMT" time="16.353" errors="0">
  <testcase name="login" time="16.353" classname="com.qa.flipkart.tests_smoke.LoginPageTest"/>
</testsuite> <!-- com.qa.flipkart.tests_smoke.LoginPageTest -->
