<?xml version="1.0" encoding="UTF-8"?>
<!-- Generated by org.testng.reporters.JUnitReportReporter -->
<testsuite skipped="3" hostname="DESKTOP-OFC8VFN" name="com.qa.flipkart.tests_smoke.OffersPageTest" tests="4" failures="0" timestamp="24 Apr 2020 11:24:10 GMT" time="51.500" errors="0">
  <testcase name="verifyOffersPageTitle" time="16.728" classname="com.qa.flipkart.tests_smoke.OffersPageTest"/>
  <testcase name="verifyOffersPageTitle" time="7.068" classname="com.qa.flipkart.tests_smoke.OffersPageTest">
    <skipped/>
  </testcase> <!-- verifyOffersPageTitle -->
  <testcase name="verifyOffersPageTitle" time="13.333" classname="com.qa.flipkart.tests_smoke.OffersPageTest">
    <skipped/>
  </testcase> <!-- verifyOffersPageTitle -->
  <testcase name="verifyOffersPageTitle" time="14.371" classname="com.qa.flipkart.tests_smoke.OffersPageTest">
    <skipped/>
  </testcase> <!-- verifyOffersPageTitle -->
</testsuite> <!-- com.qa.flipkart.tests_smoke.OffersPageTest -->
