<?xml version="1.0" encoding="UTF-8"?>
<!-- Generated by org.testng.reporters.JUnitReportReporter -->
<testsuite skipped="0" hostname="DESKTOP-OFC8VFN" name="com.qa.flipkart.tests_regression.LoginPageTest" tests="1" failures="0" timestamp="24 Apr 2020 10:44:00 GMT" time="15.121" errors="0">
  <testcase name="loginValidTest" time="15.121" classname="com.qa.flipkart.tests_regression.LoginPageTest"/>
</testsuite> <!-- com.qa.flipkart.tests_regression.LoginPageTest -->
