<?xml version="1.0" encoding="UTF-8"?>
<!-- Generated by org.testng.reporters.JUnitReportReporter -->
<testsuite skipped="1" hostname="DESKTOP-OFC8VFN" name="com.qa.flipkart.tests_smoke.MyProfilePageTest" tests="8" failures="0" timestamp="24 Apr 2020 10:32:01 GMT" time="136.357" errors="0">
  <testcase name="verifyClickOnEditEmailAddLnk" time="16.587" classname="com.qa.flipkart.tests_smoke.MyProfilePageTest"/>
  <testcase name="enterLastNameTest" time="17.901" classname="com.qa.flipkart.tests_smoke.MyProfilePageTest"/>
  <testcase name="verifyMyProfilePageTitleTest" time="20.029" classname="com.qa.flipkart.tests_smoke.MyProfilePageTest">
    <skipped/>
  </testcase> <!-- verifyMyProfilePageTitleTest -->
  <testcase name="clickOnManageAddressesLinkTest" time="14.100" classname="com.qa.flipkart.tests_smoke.MyProfilePageTest"/>
  <testcase name="verifyMyProfilePageTitleTest" time="14.706" classname="com.qa.flipkart.tests_smoke.MyProfilePageTest"/>
  <testcase name="verifyPersonalInfoclickOnEdit" time="15.960" classname="com.qa.flipkart.tests_smoke.MyProfilePageTest"/>
  <testcase name="addAddressTest" time="19.069" classname="com.qa.flipkart.tests_smoke.MyProfilePageTest"/>
  <testcase name="enterFirstNameTest" time="18.005" classname="com.qa.flipkart.tests_smoke.MyProfilePageTest"/>
</testsuite> <!-- com.qa.flipkart.tests_smoke.MyProfilePageTest -->
