<?xml version="1.0" encoding="UTF-8"?>
<!-- Generated by org.testng.reporters.JUnitReportReporter -->
<testsuite skipped="2" hostname="DESKTOP-OFC8VFN" name="com.qa.flipkart.tests_smoke.HomePageTest" tests="9" failures="0" timestamp="24 Apr 2020 10:32:01 GMT" time="141.570" errors="0">
  <testcase name="verifySubMenuBarListTest" time="20.699" classname="com.qa.flipkart.tests_smoke.HomePageTest"/>
  <testcase name="verifyHomePageTitle" time="12.430" classname="com.qa.flipkart.tests_smoke.HomePageTest"/>
  <testcase name="verifyAppUrl" time="10.633" classname="com.qa.flipkart.tests_smoke.HomePageTest"/>
  <testcase name="getMenuBarList" time="14.733" classname="com.qa.flipkart.tests_smoke.HomePageTest"/>
  <testcase name="getMenuBarList" time="13.149" classname="com.qa.flipkart.tests_smoke.HomePageTest">
    <skipped/>
  </testcase> <!-- getMenuBarList -->
  <testcase name="doLogout" time="16.159" classname="com.qa.flipkart.tests_smoke.HomePageTest"/>
  <testcase name="clickOnSearchBar" time="19.384" classname="com.qa.flipkart.tests_smoke.HomePageTest"/>
  <testcase name="selectItem" time="13.068" classname="com.qa.flipkart.tests_smoke.HomePageTest"/>
  <testcase name="selectItem" time="21.315" classname="com.qa.flipkart.tests_smoke.HomePageTest">
    <skipped/>
  </testcase> <!-- selectItem -->
</testsuite> <!-- com.qa.flipkart.tests_smoke.HomePageTest -->
